[17:41:13] [ServerMain/INFO]: [bootstrap] Running Java 21 (OpenJDK 64-Bit Server VM 21.0.7+6-Ubuntu-0ubuntu120.04; Ubuntu null) on Linux 6.8.0-1027-azure (amd64)
[17:41:13] [ServerMain/INFO]: [bootstrap] Loading Paper 1.21.1-57-master@b483da4 (2024-09-01T18:09:05Z) for Minecraft 1.21.1
[17:41:13] [ServerMain/INFO]: [PluginInitializerManager] Initializing plugins...
[17:41:13] [ServerMain/INFO]: [PluginInitializerManager] Initialized 0 plugins
[17:41:14] [Paper Plugin Remapper Thread - 0/INFO]: [ReobfServer] Remapping server...
[17:41:19] [ServerMain/INFO]: Environment: Environment[sessionHost=https://sessionserver.mojang.com, servicesHost=https://api.minecraftservices.com, name=PROD]
[17:41:19] [ServerMain/INFO]: Found new data pack file/bukkit, loading it automatically
[17:41:19] [ServerMain/INFO]: Found new data pack paper, loading it automatically
[17:41:21] [ServerMain/INFO]: No existing world data, creating new world
[17:41:22] [ServerMain/INFO]: Loaded 1290 recipes
[17:41:22] [ServerMain/INFO]: Loaded 1399 advancements
[17:41:23] [Server thread/INFO]: Starting minecraft server version 1.21.1
[17:41:23] [Server thread/INFO]: Loading properties
[17:41:23] [Paper Plugin Remapper Thread - 0/INFO]: [ReobfServer] Done remapping server in 8931ms.
[17:41:23] [Server thread/INFO]: This server is running Paper version 1.21.1-57-master@b483da4 (2024-09-01T18:09:05Z) (Implementing API version 1.21.1-R0.1-SNAPSHOT)
[17:41:23] [Server thread/INFO]: [spark] This server bundles the spark profiler. For more information please visit https://docs.papermc.io/paper/profiling
[17:41:24] [Server thread/INFO]: Server Ping Player Sample Count: 12
[17:41:24] [Server thread/INFO]: Using 4 threads for Netty based IO
[17:41:24] [Server thread/INFO]: [ChunkTaskScheduler] Chunk system is using 1 I/O threads, 1 worker threads, and population gen parallelism of 1 threads
[17:41:24] [Server thread/INFO]: Default game type: SURVIVAL
[17:41:24] [Server thread/INFO]: Generating keypair
[17:41:25] [Server thread/INFO]: Starting Minecraft server on *:25565
[17:41:25] [Server thread/INFO]: Using epoll channel type
[17:41:25] [Server thread/INFO]: Paper: Using libdeflate (Linux x86_64) compression from Velocity.
[17:41:25] [Server thread/INFO]: Paper: Using OpenSSL 1.1.x (Linux x86_64) cipher from Velocity.
[17:41:25] [Server thread/WARN]: **** SERVER IS RUNNING IN OFFLINE/INSECURE MODE!
[17:41:25] [Server thread/WARN]: The server will make no attempt to authenticate usernames. Beware.
[17:41:25] [Server thread/WARN]: While this makes the game possible to play without internet access, it also opens up the ability for hackers to connect with any username they choose.
[17:41:25] [Server thread/WARN]: To change this, set "online-mode" to "true" in the server.properties file.
[17:41:25] [Server thread/INFO]: Preparing level "world"
[17:41:35] [Server thread/INFO]: Preparing start region for dimension minecraft:overworld
[17:41:41] [Server thread/INFO]: Time elapsed: 5912 ms
[17:41:41] [Server thread/INFO]: Preparing start region for dimension minecraft:the_nether
[17:41:43] [Server thread/INFO]: Time elapsed: 2171 ms
[17:41:43] [Server thread/INFO]: Preparing start region for dimension minecraft:the_end
[17:41:44] [Server thread/INFO]: Time elapsed: 537 ms
[17:41:44] [Server thread/INFO]: [spark] Starting background profiler...
[17:41:44] [Server thread/INFO]: Done preparing level "world" (19.623s)
[17:41:44] [Server thread/INFO]: Running delayed init tasks
[17:41:44] [Server thread/INFO]: Done (32.439s)! For help, type "help"
[17:41:44] [Server thread/INFO]: *************************************************************************************
[17:41:44] [Server thread/INFO]: This is the first time you're starting this server.
[17:41:44] [Server thread/INFO]: It's recommended you read our 'Getting Started' documentation for guidance.
[17:41:44] [Server thread/INFO]: View this and more helpful information here: https://docs.papermc.io/paper/next-steps
[17:41:44] [Server thread/INFO]: *************************************************************************************
[17:41:44] [Server thread/INFO]: Timings Reset
[17:43:33] [Server thread/INFO]: --------- Help: Index ---------------------------
[17:43:33] [Server thread/INFO]: Use /help [n] to get page n of help.
[17:43:33] [Server thread/INFO]: Aliases: Lists command aliases
[17:43:33] [Server thread/INFO]: Bukkit: All commands for Bukkit
[17:43:33] [Server thread/INFO]: Minecraft: All commands for Minecraft
[17:43:33] [Server thread/INFO]: /advancement: A Mojang provided command.
[17:43:33] [Server thread/INFO]: /attribute: A Mojang provided command.
[17:43:33] [Server thread/INFO]: /ban: A Mojang provided command.
[17:43:33] [Server thread/INFO]: /ban-ip: A Mojang provided command.
[17:43:33] [Server thread/INFO]: /banlist: A Mojang provided command.
[17:43:33] [Server thread/INFO]: /bossbar: A Mojang provided command.
[17:43:33] [Server thread/INFO]: /callback: ClickEvent callback
[17:43:33] [Server thread/INFO]: /clear: A Mojang provided command.
[17:43:33] [Server thread/INFO]: /clone: A Mojang provided command.
[17:43:33] [Server thread/INFO]: /damage: A Mojang provided command.
[17:43:33] [Server thread/INFO]: /data: A Mojang provided command.
[17:43:33] [Server thread/INFO]: /datapack: A Mojang provided command.
[17:43:33] [Server thread/INFO]: /debug: A Mojang provided command.
[17:43:33] [Server thread/INFO]: /defaultgamemode: A Mojang provided command.
[17:43:33] [Server thread/INFO]: /deop: A Mojang provided command.
[17:43:33] [Server thread/INFO]: /difficulty: A Mojang provided command.
[17:43:33] [Server thread/INFO]: /effect: A Mojang provided command.
[17:43:33] [Server thread/INFO]: /enchant: A Mojang provided command.
[17:43:33] [Server thread/INFO]: /execute: A Mojang provided command.
[17:43:33] [Server thread/INFO]: /experience: A Mojang provided command.
[17:43:33] [Server thread/INFO]: /fill: A Mojang provided command.
[17:43:33] [Server thread/INFO]: /fillbiome: A Mojang provided command.
[17:43:33] [Server thread/INFO]: /forceload: A Mojang provided command.
[17:43:33] [Server thread/INFO]: /function: A Mojang provided command.
[17:43:33] [Server thread/INFO]: /gamemode: A Mojang provided command.
[17:43:33] [Server thread/INFO]: /gamerule: A Mojang provided command.
[17:43:33] [Server thread/INFO]: /give: A Mojang provided command.
[17:43:33] [Server thread/INFO]: /help: Shows the help menu
[17:43:33] [Server thread/INFO]: /item: A Mojang provided command.
[17:43:33] [Server thread/INFO]: /jfr: A Mojang provided command.
[17:43:33] [Server thread/INFO]: /kick: A Mojang provided command.
[17:43:33] [Server thread/INFO]: /kill: A Mojang provided command.
[17:43:33] [Server thread/INFO]: /list: A Mojang provided command.
[17:43:33] [Server thread/INFO]: /locate: A Mojang provided command.
[17:43:33] [Server thread/INFO]: /loot: A Mojang provided command.
[17:43:33] [Server thread/INFO]: /me: A Mojang provided command.
[17:43:33] [Server thread/INFO]: /minecraft:advancement: A Mojang provided command.
[17:43:33] [Server thread/INFO]: /minecraft:attribute: A Mojang provided command.
[17:43:33] [Server thread/INFO]: /minecraft:ban: A Mojang provided command.
[17:43:33] [Server thread/INFO]: /minecraft:ban-ip: A Mojang provided command.
[17:43:33] [Server thread/INFO]: /minecraft:banlist: A Mojang provided command.
[17:43:33] [Server thread/INFO]: /minecraft:bossbar: A Mojang provided command.
[17:43:33] [Server thread/INFO]: /minecraft:clear: A Mojang provided command.
[17:43:33] [Server thread/INFO]: /minecraft:clone: A Mojang provided command.
[17:43:33] [Server thread/INFO]: /minecraft:damage: A Mojang provided command.
[17:43:33] [Server thread/INFO]: /minecraft:data: A Mojang provided command.
[17:43:33] [Server thread/INFO]: /minecraft:datapack: A Mojang provided command.
[17:43:33] [Server thread/INFO]: /minecraft:debug: A Mojang provided command.
[17:43:33] [Server thread/INFO]: /minecraft:defaultgamemode: A Mojang provided command.
[17:43:33] [Server thread/INFO]: /minecraft:deop: A Mojang provided command.
[17:43:33] [Server thread/INFO]: /minecraft:difficulty: A Mojang provided command.
[17:43:33] [Server thread/INFO]: /minecraft:effect: A Mojang provided command.
[17:43:33] [Server thread/INFO]: /minecraft:enchant: A Mojang provided command.
[17:43:33] [Server thread/INFO]: /minecraft:execute: A Mojang provided command.
[17:43:33] [Server thread/INFO]: /minecraft:experience: A Mojang provided command.
[17:43:33] [Server thread/INFO]: /minecraft:fill: A Mojang provided command.
[17:43:33] [Server thread/INFO]: /minecraft:fillbiome: A Mojang provided command.
[17:43:33] [Server thread/INFO]: /minecraft:forceload: A Mojang provided command.
[17:43:33] [Server thread/INFO]: /minecraft:function: A Mojang provided command.
[17:43:33] [Server thread/INFO]: /minecraft:gamemode: A Mojang provided command.
[17:43:33] [Server thread/INFO]: /minecraft:gamerule: A Mojang provided command.
[17:43:33] [Server thread/INFO]: /minecraft:give: A Mojang provided command.
[17:43:33] [Server thread/INFO]: /minecraft:help: A Mojang provided command.
[17:43:33] [Server thread/INFO]: /minecraft:item: A Mojang provided command.
[17:43:33] [Server thread/INFO]: /minecraft:jfr: A Mojang provided command.
[17:43:33] [Server thread/INFO]: /minecraft:kick: A Mojang provided command.
[17:43:33] [Server thread/INFO]: /minecraft:kill: A Mojang provided command.
[17:43:33] [Server thread/INFO]: /minecraft:list: A Mojang provided command.
[17:43:33] [Server thread/INFO]: /minecraft:locate: A Mojang provided command.
[17:43:33] [Server thread/INFO]: /minecraft:loot: A Mojang provided command.
[17:43:33] [Server thread/INFO]: /minecraft:me: A Mojang provided command.
[17:43:33] [Server thread/INFO]: /minecraft:msg: A Mojang provided command.
[17:43:33] [Server thread/INFO]: /minecraft:op: A Mojang provided command.
[17:43:33] [Server thread/INFO]: /minecraft:pardon: A Mojang provided command.
[17:43:33] [Server thread/INFO]: /minecraft:pardon-ip: A Mojang provided command.
[17:43:33] [Server thread/INFO]: /minecraft:particle: A Mojang provided command.
[17:43:33] [Server thread/INFO]: /minecraft:perf: A Mojang provided command.
[17:43:33] [Server thread/INFO]: /minecraft:place: A Mojang provided command.
[17:43:33] [Server thread/INFO]: /minecraft:playsound: A Mojang provided command.
[17:43:33] [Server thread/INFO]: /minecraft:random: A Mojang provided command.
[17:43:33] [Server thread/INFO]: /minecraft:recipe: A Mojang provided command.
[17:43:33] [Server thread/INFO]: /minecraft:reload: A Mojang provided command.
[17:43:33] [Server thread/INFO]: /minecraft:return: A Mojang provided command.
[17:43:33] [Server thread/INFO]: /minecraft:ride: A Mojang provided command.
[17:43:33] [Server thread/INFO]: /minecraft:save-all: A Mojang provided command.
[17:43:33] [Server thread/INFO]: /minecraft:save-off: A Mojang provided command.
[17:43:33] [Server thread/INFO]: /minecraft:save-on: A Mojang provided command.
[17:43:33] [Server thread/INFO]: /minecraft:say: A Mojang provided command.
[17:43:33] [Server thread/INFO]: /minecraft:schedule: A Mojang provided command.
[17:43:33] [Server thread/INFO]: /minecraft:scoreboard: A Mojang provided command.
[17:43:33] [Server thread/INFO]: /minecraft:seed: A Mojang provided command.
[17:43:33] [Server thread/INFO]: /minecraft:setblock: A Mojang provided command.
[17:43:33] [Server thread/INFO]: /minecraft:setidletimeout: A Mojang provided command.
[17:43:33] [Server thread/INFO]: /minecraft:setworldspawn: A Mojang provided command.
[17:43:33] [Server thread/INFO]: /minecraft:spawnpoint: A Mojang provided command.
[17:43:33] [Server thread/INFO]: /minecraft:spectate: A Mojang provided command.
[17:43:33] [Server thread/INFO]: /minecraft:spreadplayers: A Mojang provided command.
[17:43:33] [Server thread/INFO]: /minecraft:stop: A Mojang provided command.
[17:43:33] [Server thread/INFO]: /minecraft:stopsound: A Mojang provided command.
[17:43:33] [Server thread/INFO]: /minecraft:summon: A Mojang provided command.
[17:43:33] [Server thread/INFO]: /minecraft:tag: A Mojang provided command.
[17:43:33] [Server thread/INFO]: /minecraft:team: A Mojang provided command.
[17:43:33] [Server thread/INFO]: /minecraft:teammsg: A Mojang provided command.
[17:43:33] [Server thread/INFO]: /minecraft:teleport: A Mojang provided command.
[17:43:33] [Server thread/INFO]: /minecraft:tell: A Mojang provided command.
[17:43:33] [Server thread/INFO]: /minecraft:tellraw: A Mojang provided command.
[17:43:33] [Server thread/INFO]: /minecraft:tick: A Mojang provided command.
[17:43:33] [Server thread/INFO]: /minecraft:time: A Mojang provided command.
[17:43:33] [Server thread/INFO]: /minecraft:title: A Mojang provided command.
[17:43:33] [Server thread/INFO]: /minecraft:tm: A Mojang provided command.
[17:43:33] [Server thread/INFO]: /minecraft:tp: A Mojang provided command.
[17:43:33] [Server thread/INFO]: /minecraft:transfer: A Mojang provided command.
[17:43:33] [Server thread/INFO]: /minecraft:trigger: A Mojang provided command.
[17:43:33] [Server thread/INFO]: /minecraft:w: A Mojang provided command.
[17:43:33] [Server thread/INFO]: /minecraft:weather: A Mojang provided command.
[17:43:33] [Server thread/INFO]: /minecraft:whitelist: A Mojang provided command.
[17:43:33] [Server thread/INFO]: /minecraft:worldborder: A Mojang provided command.
[17:43:33] [Server thread/INFO]: /minecraft:xp: A Mojang provided command.
[17:43:33] [Server thread/INFO]: /msg: A Mojang provided command.
[17:43:33] [Server thread/INFO]: /mspt: View server tick times
[17:43:33] [Server thread/INFO]: /op: A Mojang provided command.
[17:43:33] [Server thread/INFO]: /paper: Paper related commands
[17:43:33] [Server thread/INFO]: /paper:spark: 
[17:43:33] [Server thread/INFO]: /pardon: A Mojang provided command.
[17:43:33] [Server thread/INFO]: /pardon-ip: A Mojang provided command.
[17:43:33] [Server thread/INFO]: /particle: A Mojang provided command.
[17:43:33] [Server thread/INFO]: /perf: A Mojang provided command.
[17:43:33] [Server thread/INFO]: /place: A Mojang provided command.
[17:43:33] [Server thread/INFO]: /playsound: A Mojang provided command.
[17:43:33] [Server thread/INFO]: /plugins: Gets a list of plugins running on the server
[17:43:33] [Server thread/INFO]: /random: A Mojang provided command.
[17:43:33] [Server thread/INFO]: /recipe: A Mojang provided command.
[17:43:33] [Server thread/INFO]: /reload: Reloads the server configuration and plugins
[17:43:33] [Server thread/INFO]: /restart: Restarts the server
[17:43:33] [Server thread/INFO]: /return: A Mojang provided command.
[17:43:33] [Server thread/INFO]: /ride: A Mojang provided command.
[17:43:33] [Server thread/INFO]: /save-all: A Mojang provided command.
[17:43:33] [Server thread/INFO]: /save-off: A Mojang provided command.
[17:43:33] [Server thread/INFO]: /save-on: A Mojang provided command.
[17:43:33] [Server thread/INFO]: /say: A Mojang provided command.
[17:43:33] [Server thread/INFO]: /schedule: A Mojang provided command.
[17:43:33] [Server thread/INFO]: /scoreboard: A Mojang provided command.
[17:43:33] [Server thread/INFO]: /seed: A Mojang provided command.
[17:43:33] [Server thread/INFO]: /setblock: A Mojang provided command.
[17:43:33] [Server thread/INFO]: /setidletimeout: A Mojang provided command.
[17:43:33] [Server thread/INFO]: /setworldspawn: A Mojang provided command.
[17:43:33] [Server thread/INFO]: /spark: 
[17:43:33] [Server thread/INFO]: /spawnpoint: A Mojang provided command.
[17:43:33] [Server thread/INFO]: /spectate: A Mojang provided command.
[17:43:33] [Server thread/INFO]: /spigot: Spigot related commands
[17:43:33] [Server thread/INFO]: /spreadplayers: A Mojang provided command.
[17:43:33] [Server thread/INFO]: /stop: A Mojang provided command.
[17:43:33] [Server thread/INFO]: /stopsound: A Mojang provided command.
[17:43:33] [Server thread/INFO]: /summon: A Mojang provided command.
[17:43:33] [Server thread/INFO]: /tag: A Mojang provided command.
[17:43:33] [Server thread/INFO]: /team: A Mojang provided command.
[17:43:33] [Server thread/INFO]: /teammsg: A Mojang provided command.
[17:43:33] [Server thread/INFO]: /teleport: A Mojang provided command.
[17:43:33] [Server thread/INFO]: /tell: A Mojang provided command.
[17:43:33] [Server thread/INFO]: /tellraw: A Mojang provided command.
[17:43:33] [Server thread/INFO]: /tick: A Mojang provided command.
[17:43:33] [Server thread/INFO]: /time: A Mojang provided command.
[17:43:33] [Server thread/INFO]: /timings: Manages Spigot Timings data to see performance of the server.
[17:43:33] [Server thread/INFO]: /title: A Mojang provided command.
[17:43:33] [Server thread/INFO]: /tm: A Mojang provided command.
[17:43:33] [Server thread/INFO]: /tp: A Mojang provided command.
[17:43:33] [Server thread/INFO]: /tps: Gets the current ticks per second for the server
[17:43:33] [Server thread/INFO]: /transfer: A Mojang provided command.
[17:43:33] [Server thread/INFO]: /trigger: A Mojang provided command.
[17:43:33] [Server thread/INFO]: /version: Gets the version of this server including any plugins in use
[17:43:33] [Server thread/INFO]: /w: A Mojang provided command.
[17:43:33] [Server thread/INFO]: /weather: A Mojang provided command.
[17:43:33] [Server thread/INFO]: /whitelist: A Mojang provided command.
[17:43:33] [Server thread/INFO]: /worldborder: A Mojang provided command.
[17:43:33] [Server thread/INFO]: /xp: A Mojang provided command.
